<?xml version="1.0" encoding="UTF-8"?>
<testsuite xmlns:xsi="http://www.w3.org/2001/XMLSchema-instance" xsi:noNamespaceSchemaLocation="https://maven.apache.org/surefire/maven-surefire-plugin/xsd/surefire-test-report.xsd" version="3.0.2" name="com.github.chrispy.hateoasjx.maven.plugin.EnhanceMojoTest" time="2.034" tests="6" errors="0" skipped="0" failures="0">
  <properties>
[...]
</properties>
  <testcase name="testResolvableInheritance" classname="com.github.chrispy.hateoasjx.maven.plugin.EnhanceMojoTest" time="0.037">
    <system-out><![CDATA[[INFO] [HateoasJx] Processing com.github.chrispy.app.Basic
[INFO] [HateoasJx] Processing com.github.chrispy.app.MoreThen10
[INFO] [HateoasJx] Processing com.github.chrispy.app.Human
[INFO] [HateoasJx] Processing com.github.chrispy.app.Parents
]]></system-out>
    <system-err><![CDATA[SLF4J: Failed to load class "org.slf4j.impl.StaticLoggerBinder".
SLF4J: Defaulting to no-operation (NOP) logger implementation
SLF4J: See http://www.slf4j.org/codes.html#StaticLoggerBinder for further details.
]]></system-err>
  </testcase>
  <testcase name="testResolvableBasic" classname="com.github.chrispy.hateoasjx.maven.plugin.EnhanceMojoTest" time="0.001"/>
  <testcase name="testProxyResolve" classname="com.github.chrispy.hateoasjx.maven.plugin.EnhanceMojoTest" time="0.974"/>
  <testcase name="testResolvableMoreThen10" classname="com.github.chrispy.hateoasjx.maven.plugin.EnhanceMojoTest" time="0.001"/>
  <testcase name="testProxyNonNullIdentifier" classname="com.github.chrispy.hateoasjx.maven.plugin.EnhanceMojoTest" time="0.001"/>
  <testcase name="testProxyNullIdentifier" classname="com.github.chrispy.hateoasjx.maven.plugin.EnhanceMojoTest" time="0.001"/>
</testsuite>